abr. 02, 2025 5:01:31 PM liquibase.changelog
INFO: Reading resource: db/changelog/migrations/db.changelog-202503201752.sql
abr. 02, 2025 5:01:31 PM liquibase.changelog
INFO: Reading resource: db/changelog/migrations/db.changelog-202504021310.sql
abr. 02, 2025 5:01:31 PM liquibase.changelog
INFO: Reading resource: db/changelog/migrations/db.changelog-202504021316.sql
abr. 02, 2025 5:01:31 PM liquibase.changelog
INFO: Reading resource: db/changelog/migrations/db.changelog-202504021320.sql
abr. 02, 2025 5:01:31 PM liquibase.changelog
INFO: Reading from board.databasechangelog
Database is up to date, no changesets to execute
abr. 02, 2025 5:01:31 PM liquibase.changelog
INFO: Reading from board.databasechangelog

UPDATE SUMMARY
Run:                          0
Previously run:               4
Filtered out:                 0
-------------------------------
Total change sets:            4

abr. 02, 2025 5:01:31 PM liquibase.util
INFO: UPDATE SUMMARY
abr. 02, 2025 5:01:31 PM liquibase.util
INFO: Run:                          0
abr. 02, 2025 5:01:31 PM liquibase.util
INFO: Previously run:               4
abr. 02, 2025 5:01:31 PM liquibase.util
INFO: Filtered out:                 0
abr. 02, 2025 5:01:31 PM liquibase.util
INFO: -------------------------------
abr. 02, 2025 5:01:31 PM liquibase.util
INFO: Total change sets:            4
abr. 02, 2025 5:01:31 PM liquibase.util
INFO: Update summary generated
abr. 02, 2025 5:01:31 PM liquibase.lockservice
INFO: Successfully released change log lock
abr. 02, 2025 5:01:31 PM liquibase.command
INFO: Command execution complete
